{
  message: '🚀 Server running on port 3000 in development mode',
  level: 'info',
  service: 'wikipedia-summary-api',
  version: '2.0.0',
  timestamp: '2025-07-26 10:43:37'
}
{
  message: '📊 API Documentation: http://localhost:3000/api',
  level: 'info',
  service: 'wikipedia-summary-api',
  version: '2.0.0',
  timestamp: '2025-07-26 10:43:37'
}
{
  message: '💚 Health Check: http://localhost:3000/health',
  level: 'info',
  service: 'wikipedia-summary-api',
  version: '2.0.0',
  timestamp: '2025-07-26 10:43:37'
}
{
  message: '::1 - - [26/Jul/2025:10:43:57 +0000] "GET /health HTTP/1.1" 200 94 "-" "-"',
  level: 'info',
  service: 'wikipedia-summary-api',
  version: '2.0.0',
  timestamp: '2025-07-26 10:43:57'
}
{
  message: '::1 - - [26/Jul/2025:10:44:27 +0000] "GET /health HTTP/1.1" 200 94 "-" "-"',
  level: 'info',
  service: 'wikipedia-summary-api',
  version: '2.0.0',
  timestamp: '2025-07-26 10:44:27'
}
{
  message: '::1 - - [26/Jul/2025:10:44:57 +0000] "GET /health HTTP/1.1" 200 94 "-" "-"',
  level: 'info',
  service: 'wikipedia-summary-api',
  version: '2.0.0',
  timestamp: '2025-07-26 10:44:57'
}
{
  message: '::1 - - [26/Jul/2025:10:45:27 +0000] "GET /health HTTP/1.1" 200 95 "-" "-"',
  level: 'info',
  service: 'wikipedia-summary-api',
  version: '2.0.0',
  timestamp: '2025-07-26 10:45:27'
}
{
  message: '::1 - - [26/Jul/2025:10:45:57 +0000] "GET /health HTTP/1.1" 200 95 "-" "-"',
  level: 'info',
  service: 'wikipedia-summary-api',
  version: '2.0.0',
  timestamp: '2025-07-26 10:45:57'
}
{
  message: '::1 - - [26/Jul/2025:10:46:28 +0000] "GET /health HTTP/1.1" 200 95 "-" "-"',
  level: 'info',
  service: 'wikipedia-summary-api',
  version: '2.0.0',
  timestamp: '2025-07-26 10:46:28'
}
{
  message: '::1 - - [26/Jul/2025:10:46:58 +0000] "GET /health HTTP/1.1" 200 95 "-" "-"',
  level: 'info',
  service: 'wikipedia-summary-api',
  version: '2.0.0',
  timestamp: '2025-07-26 10:46:58'
}
{
  message: '::1 - - [26/Jul/2025:10:47:28 +0000] "GET /health HTTP/1.1" 200 95 "-" "-"',
  level: 'info',
  service: 'wikipedia-summary-api',
  version: '2.0.0',
  timestamp: '2025-07-26 10:47:28'
}
{
  message: '::1 - - [26/Jul/2025:10:47:58 +0000] "GET /health HTTP/1.1" 200 95 "-" "-"',
  level: 'info',
  service: 'wikipedia-summary-api',
  version: '2.0.0',
  timestamp: '2025-07-26 10:47:58'
}
{
  message: '::1 - - [26/Jul/2025:10:48:28 +0000] "GET /health HTTP/1.1" 200 95 "-" "-"',
  level: 'info',
  service: 'wikipedia-summary-api',
  version: '2.0.0',
  timestamp: '2025-07-26 10:48:28'
}
{
  message: '::1 - - [26/Jul/2025:10:48:58 +0000] "GET /health HTTP/1.1" 200 94 "-" "-"',
  level: 'info',
  service: 'wikipedia-summary-api',
  version: '2.0.0',
  timestamp: '2025-07-26 10:48:58'
}
{
  message: '::1 - - [26/Jul/2025:10:49:28 +0000] "GET /health HTTP/1.1" 200 95 "-" "-"',
  level: 'info',
  service: 'wikipedia-summary-api',
  version: '2.0.0',
  timestamp: '2025-07-26 10:49:28'
}
{
  message: '::1 - - [26/Jul/2025:10:49:58 +0000] "GET /health HTTP/1.1" 200 95 "-" "-"',
  level: 'info',
  service: 'wikipedia-summary-api',
  version: '2.0.0',
  timestamp: '2025-07-26 10:49:58'
}
{
  message: '::1 - - [26/Jul/2025:10:50:28 +0000] "GET /health HTTP/1.1" 200 95 "-" "-"',
  level: 'info',
  service: 'wikipedia-summary-api',
  version: '2.0.0',
  timestamp: '2025-07-26 10:50:28'
}
{
  message: '::1 - - [26/Jul/2025:10:50:59 +0000] "GET /health HTTP/1.1" 200 95 "-" "-"',
  level: 'info',
  service: 'wikipedia-summary-api',
  version: '2.0.0',
  timestamp: '2025-07-26 10:50:59'
}
{
  message: '::1 - - [26/Jul/2025:10:51:29 +0000] "GET /health HTTP/1.1" 200 95 "-" "-"',
  level: 'info',
  service: 'wikipedia-summary-api',
  version: '2.0.0',
  timestamp: '2025-07-26 10:51:29'
}
{
  message: '::1 - - [26/Jul/2025:10:51:59 +0000] "GET /health HTTP/1.1" 200 95 "-" "-"',
  level: 'info',
  service: 'wikipedia-summary-api',
  version: '2.0.0',
  timestamp: '2025-07-26 10:51:59'
}
{
  message: '::1 - - [26/Jul/2025:10:52:29 +0000] "GET /health HTTP/1.1" 200 95 "-" "-"',
  level: 'info',
  service: 'wikipedia-summary-api',
  version: '2.0.0',
  timestamp: '2025-07-26 10:52:29'
}
{
  message: '::1 - - [26/Jul/2025:10:52:59 +0000] "GET /health HTTP/1.1" 200 95 "-" "-"',
  level: 'info',
  service: 'wikipedia-summary-api',
  version: '2.0.0',
  timestamp: '2025-07-26 10:52:59'
}
{
  message: '::1 - - [26/Jul/2025:10:53:29 +0000] "GET /health HTTP/1.1" 200 95 "-" "-"',
  level: 'info',
  service: 'wikipedia-summary-api',
  version: '2.0.0',
  timestamp: '2025-07-26 10:53:29'
}
{
  message: '::1 - - [26/Jul/2025:10:53:59 +0000] "GET /health HTTP/1.1" 200 95 "-" "-"',
  level: 'info',
  service: 'wikipedia-summary-api',
  version: '2.0.0',
  timestamp: '2025-07-26 10:53:59'
}
{
  message: '::1 - - [26/Jul/2025:10:54:29 +0000] "GET /health HTTP/1.1" 200 95 "-" "-"',
  level: 'info',
  service: 'wikipedia-summary-api',
  version: '2.0.0',
  timestamp: '2025-07-26 10:54:29'
}
{
  message: '::1 - - [26/Jul/2025:10:55:00 +0000] "GET /health HTTP/1.1" 200 95 "-" "-"',
  level: 'info',
  service: 'wikipedia-summary-api',
  version: '2.0.0',
  timestamp: '2025-07-26 10:55:00'
}
{
  message: '::1 - - [26/Jul/2025:10:55:30 +0000] "GET /health HTTP/1.1" 200 95 "-" "-"',
  level: 'info',
  service: 'wikipedia-summary-api',
  version: '2.0.0',
  timestamp: '2025-07-26 10:55:30'
}
{
  message: '::1 - - [26/Jul/2025:10:56:00 +0000] "GET /health HTTP/1.1" 200 95 "-" "-"',
  level: 'info',
  service: 'wikipedia-summary-api',
  version: '2.0.0',
  timestamp: '2025-07-26 10:56:00'
}
{
  message: '::1 - - [26/Jul/2025:10:56:30 +0000] "GET /health HTTP/1.1" 200 95 "-" "-"',
  level: 'info',
  service: 'wikipedia-summary-api',
  version: '2.0.0',
  timestamp: '2025-07-26 10:56:30'
}
{
  message: '::1 - - [26/Jul/2025:10:57:00 +0000] "GET /health HTTP/1.1" 200 95 "-" "-"',
  level: 'info',
  service: 'wikipedia-summary-api',
  version: '2.0.0',
  timestamp: '2025-07-26 10:57:00'
}
{
  message: '::1 - - [26/Jul/2025:10:57:30 +0000] "GET /health HTTP/1.1" 200 95 "-" "-"',
  level: 'info',
  service: 'wikipedia-summary-api',
  version: '2.0.0',
  timestamp: '2025-07-26 10:57:30'
}
{
  message: '::1 - - [26/Jul/2025:10:58:00 +0000] "GET /health HTTP/1.1" 200 95 "-" "-"',
  level: 'info',
  service: 'wikipedia-summary-api',
  version: '2.0.0',
  timestamp: '2025-07-26 10:58:00'
}
{
  message: '::1 - - [26/Jul/2025:10:58:31 +0000] "GET /health HTTP/1.1" 200 95 "-" "-"',
  level: 'info',
  service: 'wikipedia-summary-api',
  version: '2.0.0',
  timestamp: '2025-07-26 10:58:31'
}
{
  message: '::1 - - [26/Jul/2025:10:59:01 +0000] "GET /health HTTP/1.1" 200 95 "-" "-"',
  level: 'info',
  service: 'wikipedia-summary-api',
  version: '2.0.0',
  timestamp: '2025-07-26 10:59:01'
}
{
  message: '::1 - - [26/Jul/2025:10:59:31 +0000] "GET /health HTTP/1.1" 200 95 "-" "-"',
  level: 'info',
  service: 'wikipedia-summary-api',
  version: '2.0.0',
  timestamp: '2025-07-26 10:59:31'
}
{
  message: '::1 - - [26/Jul/2025:11:00:01 +0000] "GET /health HTTP/1.1" 200 95 "-" "-"',
  level: 'info',
  service: 'wikipedia-summary-api',
  version: '2.0.0',
  timestamp: '2025-07-26 11:00:01'
}
{
  message: '::1 - - [26/Jul/2025:11:00:31 +0000] "GET /health HTTP/1.1" 200 96 "-" "-"',
  level: 'info',
  service: 'wikipedia-summary-api',
  version: '2.0.0',
  timestamp: '2025-07-26 11:00:31'
}
{
  message: '::1 - - [26/Jul/2025:11:01:01 +0000] "GET /health HTTP/1.1" 200 95 "-" "-"',
  level: 'info',
  service: 'wikipedia-summary-api',
  version: '2.0.0',
  timestamp: '2025-07-26 11:01:01'
}
{
  message: '::1 - - [26/Jul/2025:11:01:31 +0000] "GET /health HTTP/1.1" 200 96 "-" "-"',
  level: 'info',
  service: 'wikipedia-summary-api',
  version: '2.0.0',
  timestamp: '2025-07-26 11:01:31'
}
{
  message: '::1 - - [26/Jul/2025:11:02:01 +0000] "GET /health HTTP/1.1" 200 96 "-" "-"',
  level: 'info',
  service: 'wikipedia-summary-api',
  version: '2.0.0',
  timestamp: '2025-07-26 11:02:01'
}
{
  message: '::1 - - [26/Jul/2025:11:02:31 +0000] "GET /health HTTP/1.1" 200 96 "-" "-"',
  level: 'info',
  service: 'wikipedia-summary-api',
  version: '2.0.0',
  timestamp: '2025-07-26 11:02:31'
}
{
  message: '::1 - - [26/Jul/2025:11:03:01 +0000] "GET /health HTTP/1.1" 200 96 "-" "-"',
  level: 'info',
  service: 'wikipedia-summary-api',
  version: '2.0.0',
  timestamp: '2025-07-26 11:03:01'
}
{
  message: '::1 - - [26/Jul/2025:11:03:32 +0000] "GET /health HTTP/1.1" 200 96 "-" "-"',
  level: 'info',
  service: 'wikipedia-summary-api',
  version: '2.0.0',
  timestamp: '2025-07-26 11:03:32'
}
{
  message: '::1 - - [26/Jul/2025:11:04:02 +0000] "GET /health HTTP/1.1" 200 95 "-" "-"',
  level: 'info',
  service: 'wikipedia-summary-api',
  version: '2.0.0',
  timestamp: '2025-07-26 11:04:02'
}
{
  message: '::1 - - [26/Jul/2025:11:04:32 +0000] "GET /health HTTP/1.1" 200 96 "-" "-"',
  level: 'info',
  service: 'wikipedia-summary-api',
  version: '2.0.0',
  timestamp: '2025-07-26 11:04:32'
}
{
  message: '::1 - - [26/Jul/2025:11:05:02 +0000] "GET /health HTTP/1.1" 200 96 "-" "-"',
  level: 'info',
  service: 'wikipedia-summary-api',
  version: '2.0.0',
  timestamp: '2025-07-26 11:05:02'
}
{
  message: '::1 - - [26/Jul/2025:11:05:32 +0000] "GET /health HTTP/1.1" 200 96 "-" "-"',
  level: 'info',
  service: 'wikipedia-summary-api',
  version: '2.0.0',
  timestamp: '2025-07-26 11:05:32'
}
{
  message: '::1 - - [26/Jul/2025:11:06:02 +0000] "GET /health HTTP/1.1" 200 96 "-" "-"',
  level: 'info',
  service: 'wikipedia-summary-api',
  version: '2.0.0',
  timestamp: '2025-07-26 11:06:02'
}
{
  message: '::1 - - [26/Jul/2025:11:06:32 +0000] "GET /health HTTP/1.1" 200 96 "-" "-"',
  level: 'info',
  service: 'wikipedia-summary-api',
  version: '2.0.0',
  timestamp: '2025-07-26 11:06:32'
}
{
  message: '::1 - - [26/Jul/2025:11:07:02 +0000] "GET /health HTTP/1.1" 200 96 "-" "-"',
  level: 'info',
  service: 'wikipedia-summary-api',
  version: '2.0.0',
  timestamp: '2025-07-26 11:07:02'
}
{
  message: '::1 - - [26/Jul/2025:11:07:32 +0000] "GET /health HTTP/1.1" 200 96 "-" "-"',
  level: 'info',
  service: 'wikipedia-summary-api',
  version: '2.0.0',
  timestamp: '2025-07-26 11:07:32'
}
{
  message: '::1 - - [26/Jul/2025:11:08:03 +0000] "GET /health HTTP/1.1" 200 96 "-" "-"',
  level: 'info',
  service: 'wikipedia-summary-api',
  version: '2.0.0',
  timestamp: '2025-07-26 11:08:03'
}
{
  message: '::1 - - [26/Jul/2025:11:08:33 +0000] "GET /health HTTP/1.1" 200 96 "-" "-"',
  level: 'info',
  service: 'wikipedia-summary-api',
  version: '2.0.0',
  timestamp: '2025-07-26 11:08:33'
}
{
  message: '::1 - - [26/Jul/2025:11:09:03 +0000] "GET /health HTTP/1.1" 200 96 "-" "-"',
  level: 'info',
  service: 'wikipedia-summary-api',
  version: '2.0.0',
  timestamp: '2025-07-26 11:09:03'
}
{
  message: '::1 - - [26/Jul/2025:11:09:33 +0000] "GET /health HTTP/1.1" 200 96 "-" "-"',
  level: 'info',
  service: 'wikipedia-summary-api',
  version: '2.0.0',
  timestamp: '2025-07-26 11:09:33'
}
{
  message: '::1 - - [26/Jul/2025:11:10:03 +0000] "GET /health HTTP/1.1" 200 96 "-" "-"',
  level: 'info',
  service: 'wikipedia-summary-api',
  version: '2.0.0',
  timestamp: '2025-07-26 11:10:03'
}
{
  message: '::1 - - [26/Jul/2025:11:10:33 +0000] "GET /health HTTP/1.1" 200 96 "-" "-"',
  level: 'info',
  service: 'wikipedia-summary-api',
  version: '2.0.0',
  timestamp: '2025-07-26 11:10:33'
}
{
  message: '::1 - - [26/Jul/2025:11:11:03 +0000] "GET /health HTTP/1.1" 200 96 "-" "-"',
  level: 'info',
  service: 'wikipedia-summary-api',
  version: '2.0.0',
  timestamp: '2025-07-26 11:11:03'
}
{
  message: '::1 - - [26/Jul/2025:11:11:34 +0000] "GET /health HTTP/1.1" 200 96 "-" "-"',
  level: 'info',
  service: 'wikipedia-summary-api',
  version: '2.0.0',
  timestamp: '2025-07-26 11:11:34'
}
{
  message: '::1 - - [26/Jul/2025:11:12:04 +0000] "GET /health HTTP/1.1" 200 96 "-" "-"',
  level: 'info',
  service: 'wikipedia-summary-api',
  version: '2.0.0',
  timestamp: '2025-07-26 11:12:04'
}
{
  message: '::1 - - [26/Jul/2025:11:12:34 +0000] "GET /health HTTP/1.1" 200 95 "-" "-"',
  level: 'info',
  service: 'wikipedia-summary-api',
  version: '2.0.0',
  timestamp: '2025-07-26 11:12:34'
}
{
  message: '::1 - - [26/Jul/2025:11:13:04 +0000] "GET /health HTTP/1.1" 200 96 "-" "-"',
  level: 'info',
  service: 'wikipedia-summary-api',
  version: '2.0.0',
  timestamp: '2025-07-26 11:13:04'
}
{
  message: '::1 - - [26/Jul/2025:11:13:34 +0000] "GET /health HTTP/1.1" 200 95 "-" "-"',
  level: 'info',
  service: 'wikipedia-summary-api',
  version: '2.0.0',
  timestamp: '2025-07-26 11:13:34'
}
{
  message: '::1 - - [26/Jul/2025:11:14:04 +0000] "GET /health HTTP/1.1" 200 96 "-" "-"',
  level: 'info',
  service: 'wikipedia-summary-api',
  version: '2.0.0',
  timestamp: '2025-07-26 11:14:04'
}
{
  message: '::1 - - [26/Jul/2025:11:14:34 +0000] "GET /health HTTP/1.1" 200 96 "-" "-"',
  level: 'info',
  service: 'wikipedia-summary-api',
  version: '2.0.0',
  timestamp: '2025-07-26 11:14:34'
}
{
  message: '::1 - - [26/Jul/2025:11:15:04 +0000] "GET /health HTTP/1.1" 200 96 "-" "-"',
  level: 'info',
  service: 'wikipedia-summary-api',
  version: '2.0.0',
  timestamp: '2025-07-26 11:15:04'
}
{
  message: '::1 - - [26/Jul/2025:11:15:34 +0000] "GET /health HTTP/1.1" 200 96 "-" "-"',
  level: 'info',
  service: 'wikipedia-summary-api',
  version: '2.0.0',
  timestamp: '2025-07-26 11:15:34'
}
{
  message: '::1 - - [26/Jul/2025:11:16:05 +0000] "GET /health HTTP/1.1" 200 96 "-" "-"',
  level: 'info',
  service: 'wikipedia-summary-api',
  version: '2.0.0',
  timestamp: '2025-07-26 11:16:05'
}
